<?xml version="1.0" encoding="UTF-8"?>
<!-- Generated by org.testng.reporters.JUnitReportReporter -->
<testsuite skipped="0" hostname="LAPTOP-I3SMJTM7" name="guru99.gittest.AppTest1" tests="1" failures="0" timestamp="12 Apr 2020 17:07:41 GMT" time="14.997" errors="0">
  <testcase name="guru99tutorials" time="14.997" classname="guru99.gittest.AppTest1"/>
</testsuite> <!-- guru99.gittest.AppTest1 -->
