<?xml version="1.0" encoding="UTF-8"?>
<!-- Generated by org.testng.reporters.JUnitReportReporter -->
<testsuite skipped="0" hostname="LAPTOP-I3SMJTM7" name="guru999.gittest1.AppTest1" tests="2" failures="0" timestamp="2020-04-12T22:53:21 BST" time="12.127" errors="0">
  <testcase name="guru99tutorials" time="12.111" classname="guru999.gittest1.AppTest1"/>
  <system-out/>
  <testcase name="f" time="0.016" classname="guru999.gittest1.AppTest1"/>
  <system-out/>
</testsuite> <!-- guru999.gittest1.AppTest1 -->
